# JRE version: Java(TM) SE Runtime Environment (8.0_144-b01) (build 1.8.0_144-b01)
# Java VM: Java HotSpot(TM) 64-Bit Server VM (25.144-b01 mixed mode windows-amd64 compressed oops)
Heap:
 PSYoungGen      total 103936K, used 44987K [0x00000000eab00000, 0x00000000f3c00000, 0x0000000100000000)
  eden space 89600K, 34% used [0x00000000eab00000,0x00000000ec8f0b68,0x00000000f0280000)
  from space 14336K, 99% used [0x00000000f0280000,0x00000000f107e340,0x00000000f1080000)
  to   space 18432K, 0% used [0x00000000f2a00000,0x00000000f2a00000,0x00000000f3c00000)
 ParOldGen       total 64512K, used 28563K [0x00000000c0000000, 0x00000000c3f00000, 0x00000000eab00000)
  object space 64512K, 44% used [0x00000000c0000000,0x00000000c1be4e50,0x00000000c3f00000)
 Metaspace       used 47968K, capacity 48858K, committed 49152K, reserved 1091584K
  class space    used 6605K, capacity 6840K, committed 6912K, reserved 1048576K
GC Heap History (10 events):
Event: 13.098 GC heap before
{Heap before GC invocations=13 (full 1):
 PSYoungGen      total 69120K, used 68817K [0x00000000eab00000, 0x00000000f0500000, 0x0000000100000000)
  eden space 61440K, 99% used [0x00000000eab00000,0x00000000ee6bc1e0,0x00000000ee700000)
  from space 7680K, 99% used [0x00000000ee700000,0x00000000eee78298,0x00000000eee80000)
  to   space 8704K, 0% used [0x00000000efc80000,0x00000000efc80000,0x00000000f0500000)
 ParOldGen       total 37888K, used 10239K [0x00000000c0000000, 0x00000000c2500000, 0x00000000eab00000)
  object space 37888K, 27% used [0x00000000c0000000,0x00000000c09ffc28,0x00000000c2500000)
 Metaspace       used 34755K, capacity 35360K, committed 35456K, reserved 1079296K
  class space    used 4807K, capacity 4952K, committed 4992K, reserved 1048576K
Event: 13.132 GC heap after
Heap after GC invocations=13 (full 1):
 PSYoungGen      total 80384K, used 8687K [0x00000000eab00000, 0x00000000f0e80000, 0x0000000100000000)
  eden space 71680K, 0% used [0x00000000eab00000,0x00000000eab00000,0x00000000ef100000)
  from space 8704K, 99% used [0x00000000efc80000,0x00000000f04fbdf8,0x00000000f0500000)
  to   space 11776K, 0% used [0x00000000ef100000,0x00000000ef100000,0x00000000efc80000)
 ParOldGen       total 37888K, used 15264K [0x00000000c0000000, 0x00000000c2500000, 0x00000000eab00000)
  object space 37888K, 40% used [0x00000000c0000000,0x00000000c0ee8348,0x00000000c2500000)
 Metaspace       used 34755K, capacity 35360K, committed 35456K, reserved 1079296K
  class space    used 4807K, capacity 4952K, committed 4992K, reserved 1048576K
}
Event: 13.132 GC heap before
{Heap before GC invocations=14 (full 2):
 PSYoungGen      total 80384K, used 8687K [0x00000000eab00000, 0x00000000f0e80000, 0x0000000100000000)
  eden space 71680K, 0% used [0x00000000eab00000,0x00000000eab00000,0x00000000ef100000)
  from space 8704K, 99% used [0x00000000efc80000,0x00000000f04fbdf8,0x00000000f0500000)
  to   space 11776K, 0% used [0x00000000ef100000,0x00000000ef100000,0x00000000efc80000)
 ParOldGen       total 37888K, used 15264K [0x00000000c0000000, 0x00000000c2500000, 0x00000000eab00000)
  object space 37888K, 40% used [0x00000000c0000000,0x00000000c0ee8348,0x00000000c2500000)
 Metaspace       used 34755K, capacity 35360K, committed 35456K, reserved 1079296K
  class space    used 4807K, capacity 4952K, committed 4992K, reserved 1048576K
Event: 13.239 GC heap after
Heap after GC invocations=14 (full 2):
 PSYoungGen      total 80384K, used 0K [0x00000000eab00000, 0x00000000f0e80000, 0x0000000100000000)
  eden space 71680K, 0% used [0x00000000eab00000,0x00000000eab00000,0x00000000ef100000)
  from space 8704K, 0% used [0x00000000efc80000,0x00000000efc80000,0x00000000f0500000)
  to   space 11776K, 0% used [0x00000000ef100000,0x00000000ef100000,0x00000000efc80000)
 ParOldGen       total 64512K, used 20239K [0x00000000c0000000, 0x00000000c3f00000, 0x00000000eab00000)
  object space 64512K, 31% used [0x00000000c0000000,0x00000000c13c3fe8,0x00000000c3f00000)
 Metaspace       used 34755K, capacity 35360K, committed 35456K, reserved 1079296K
  class space    used 4807K, capacity 4952K, committed 4992K, reserved 1048576K
}
Event: 16.479 GC heap before
{Heap before GC invocations=15 (full 2):
 PSYoungGen      total 80384K, used 71680K [0x00000000eab00000, 0x00000000f0e80000, 0x0000000100000000)
  eden space 71680K, 100% used [0x00000000eab00000,0x00000000ef100000,0x00000000ef100000)
  from space 8704K, 0% used [0x00000000efc80000,0x00000000efc80000,0x00000000f0500000)
  to   space 11776K, 0% used [0x00000000ef100000,0x00000000ef100000,0x00000000efc80000)
 ParOldGen       total 64512K, used 20239K [0x00000000c0000000, 0x00000000c3f00000, 0x00000000eab00000)
  object space 64512K, 31% used [0x00000000c0000000,0x00000000c13c3fe8,0x00000000c3f00000)
 Metaspace       used 41381K, capacity 42098K, committed 42368K, reserved 1085440K
  class space    used 5715K, capacity 5931K, committed 6016K, reserved 1048576K
Event: 16.523 GC heap after
Heap after GC invocations=15 (full 2):
 PSYoungGen      total 83456K, used 7930K [0x00000000eab00000, 0x00000000f1c00000, 0x0000000100000000)
  eden space 71680K, 0% used [0x00000000eab00000,0x00000000eab00000,0x00000000ef100000)
  from space 11776K, 67% used [0x00000000ef100000,0x00000000ef8bea78,0x00000000efc80000)
  to   space 11776K, 0% used [0x00000000f1080000,0x00000000f1080000,0x00000000f1c00000)
 ParOldGen       total 64512K, used 20247K [0x00000000c0000000, 0x00000000c3f00000, 0x00000000eab00000)
  object space 64512K, 31% used [0x00000000c0000000,0x00000000c13c5fe8,0x00000000c3f00000)
 Metaspace       used 41381K, capacity 42098K, committed 42368K, reserved 1085440K
  class space    used 5715K, capacity 5931K, committed 6016K, reserved 1048576K
}
Event: 19.268 GC heap before
{Heap before GC invocations=16 (full 2):
 PSYoungGen      total 83456K, used 79610K [0x00000000eab00000, 0x00000000f1c00000, 0x0000000100000000)
  eden space 71680K, 100% used [0x00000000eab00000,0x00000000ef100000,0x00000000ef100000)
  from space 11776K, 67% used [0x00000000ef100000,0x00000000ef8bea78,0x00000000efc80000)
  to   space 11776K, 0% used [0x00000000f1080000,0x00000000f1080000,0x00000000f1c00000)
 ParOldGen       total 64512K, used 20247K [0x00000000c0000000, 0x00000000c3f00000, 0x00000000eab00000)
  object space 64512K, 31% used [0x00000000c0000000,0x00000000c13c5fe8,0x00000000c3f00000)
 Metaspace       used 45190K, capacity 46026K, committed 46208K, reserved 1089536K
  class space    used 6300K, capacity 6500K, committed 6528K, reserved 1048576K
Event: 19.289 GC heap after
Heap after GC invocations=16 (full 2):
 PSYoungGen      total 101376K, used 11762K [0x00000000eab00000, 0x00000000f2000000, 0x0000000100000000)
  eden space 89600K, 0% used [0x00000000eab00000,0x00000000eab00000,0x00000000f0280000)
  from space 11776K, 99% used [0x00000000f1080000,0x00000000f1bfc940,0x00000000f1c00000)
  to   space 14336K, 0% used [0x00000000f0280000,0x00000000f0280000,0x00000000f1080000)
 ParOldGen       total 64512K, used 22419K [0x00000000c0000000, 0x00000000c3f00000, 0x00000000eab00000)
  object space 64512K, 34% used [0x00000000c0000000,0x00000000c15e4e30,0x00000000c3f00000)
 Metaspace       used 45190K, capacity 46026K, committed 46208K, reserved 1089536K
  class space    used 6300K, capacity 6500K, committed 6528K, reserved 1048576K
}
Event: 28.444 GC heap before
{Heap before GC invocations=17 (full 2):
 PSYoungGen      total 101376K, used 101362K [0x00000000eab00000, 0x00000000f2000000, 0x0000000100000000)
  eden space 89600K, 100% used [0x00000000eab00000,0x00000000f0280000,0x00000000f0280000)
  from space 11776K, 99% used [0x00000000f1080000,0x00000000f1bfc940,0x00000000f1c00000)
  to   space 14336K, 0% used [0x00000000f0280000,0x00000000f0280000,0x00000000f1080000)
 ParOldGen       total 64512K, used 22419K [0x00000000c0000000, 0x00000000c3f00000, 0x00000000eab00000)
  object space 64512K, 34% used [0x00000000c0000000,0x00000000c15e4e30,0x00000000c3f00000)
 Metaspace       used 47666K, capacity 48602K, committed 48896K, reserved 1091584K
  class space    used 6584K, capacity 6840K, committed 6912K, reserved 1048576K
Event: 28.485 GC heap after
Heap after GC invocations=17 (full 2):
 PSYoungGen      total 103936K, used 14328K [0x00000000eab00000, 0x00000000f3c00000, 0x0000000100000000)
  eden space 89600K, 0% used [0x00000000eab00000,0x00000000eab00000,0x00000000f0280000)
  from space 14336K, 99% used [0x00000000f0280000,0x00000000f107e340,0x00000000f1080000)
  to   space 18432K, 0% used [0x00000000f2a00000,0x00000000f2a00000,0x00000000f3c00000)
 ParOldGen       total 64512K, used 28563K [0x00000000c0000000, 0x00000000c3f00000, 0x00000000eab00000)
  object space 64512K, 44% used [0x00000000c0000000,0x00000000c1be4e50,0x00000000c3f00000)
 Metaspace       used 47666K, capacity 48602K, committed 48896K, reserved 1091584K
  class space    used 6584K, capacity 6840K, committed 6912K, reserved 1048576K
}

