# JRE version: Java(TM) SE Runtime Environment (8.0_144-b01) (build 1.8.0_144-b01)
# Java VM: Java HotSpot(TM) 64-Bit Server VM (25.144-b01 mixed mode windows-amd64 compressed oops)
Heap:
 PSYoungGen      total 130560K, used 59593K [0x00000000eab00000, 0x00000000f4300000, 0x0000000100000000)
  eden space 116736K, 39% used [0x00000000eab00000,0x00000000ed7b5db0,0x00000000f1d00000)
  from space 13824K, 99% used [0x00000000f2e80000,0x00000000f3bfc940,0x00000000f3c00000)
  to   space 17920K, 0% used [0x00000000f1d00000,0x00000000f1d00000,0x00000000f2e80000)
 ParOldGen       total 67584K, used 24656K [0x00000000c0000000, 0x00000000c4200000, 0x00000000eab00000)
  object space 67584K, 36% used [0x00000000c0000000,0x00000000c18143f8,0x00000000c4200000)
 Metaspace       used 47846K, capacity 48754K, committed 48896K, reserved 1091584K
  class space    used 6598K, capacity 6844K, committed 6912K, reserved 1048576K
GC Heap History (10 events):
Event: 10.830 GC heap before
{Heap before GC invocations=10 (full 1):
 PSYoungGen      total 92672K, used 91364K [0x00000000eab00000, 0x00000000f1180000, 0x0000000100000000)
  eden space 86528K, 99% used [0x00000000eab00000,0x00000000eff76478,0x00000000eff80000)
  from space 6144K, 79% used [0x00000000f0b80000,0x00000000f1042e18,0x00000000f1180000)
  to   space 9216K, 0% used [0x00000000eff80000,0x00000000eff80000,0x00000000f0880000)
 ParOldGen       total 40960K, used 8501K [0x00000000c0000000, 0x00000000c2800000, 0x00000000eab00000)
  object space 40960K, 20% used [0x00000000c0000000,0x00000000c084d700,0x00000000c2800000)
 Metaspace       used 32673K, capacity 33158K, committed 33408K, reserved 1077248K
  class space    used 4519K, capacity 4662K, committed 4736K, reserved 1048576K
Event: 10.855 GC heap after
Heap after GC invocations=10 (full 1):
 PSYoungGen      total 95744K, used 9205K [0x00000000eab00000, 0x00000000f2400000, 0x0000000100000000)
  eden space 86528K, 0% used [0x00000000eab00000,0x00000000eab00000,0x00000000eff80000)
  from space 9216K, 99% used [0x00000000eff80000,0x00000000f087d6a8,0x00000000f0880000)
  to   space 10752K, 0% used [0x00000000f1980000,0x00000000f1980000,0x00000000f2400000)
 ParOldGen       total 40960K, used 10185K [0x00000000c0000000, 0x00000000c2800000, 0x00000000eab00000)
  object space 40960K, 24% used [0x00000000c0000000,0x00000000c09f2640,0x00000000c2800000)
 Metaspace       used 32673K, capacity 33158K, committed 33408K, reserved 1077248K
  class space    used 4519K, capacity 4662K, committed 4736K, reserved 1048576K
}
Event: 12.362 GC heap before
{Heap before GC invocations=11 (full 1):
 PSYoungGen      total 95744K, used 50404K [0x00000000eab00000, 0x00000000f2400000, 0x0000000100000000)
  eden space 86528K, 47% used [0x00000000eab00000,0x00000000ed33bcb8,0x00000000eff80000)
  from space 9216K, 99% used [0x00000000eff80000,0x00000000f087d6a8,0x00000000f0880000)
  to   space 10752K, 0% used [0x00000000f1980000,0x00000000f1980000,0x00000000f2400000)
 ParOldGen       total 40960K, used 10185K [0x00000000c0000000, 0x00000000c2800000, 0x00000000eab00000)
  object space 40960K, 24% used [0x00000000c0000000,0x00000000c09f2640,0x00000000c2800000)
 Metaspace       used 34680K, capacity 35230K, committed 35456K, reserved 1079296K
  class space    used 4799K, capacity 4925K, committed 4992K, reserved 1048576K
Event: 12.388 GC heap after
Heap after GC invocations=11 (full 1):
 PSYoungGen      total 111104K, used 10738K [0x00000000eab00000, 0x00000000f2900000, 0x0000000100000000)
  eden space 100352K, 0% used [0x00000000eab00000,0x00000000eab00000,0x00000000f0d00000)
  from space 10752K, 99% used [0x00000000f1980000,0x00000000f23fcab8,0x00000000f2400000)
  to   space 12800K, 0% used [0x00000000f0d00000,0x00000000f0d00000,0x00000000f1980000)
 ParOldGen       total 40960K, used 11649K [0x00000000c0000000, 0x00000000c2800000, 0x00000000eab00000)
  object space 40960K, 28% used [0x00000000c0000000,0x00000000c0b60440,0x00000000c2800000)
 Metaspace       used 34680K, capacity 35230K, committed 35456K, reserved 1079296K
  class space    used 4799K, capacity 4925K, committed 4992K, reserved 1048576K
}
Event: 12.388 GC heap before
{Heap before GC invocations=12 (full 2):
 PSYoungGen      total 111104K, used 10738K [0x00000000eab00000, 0x00000000f2900000, 0x0000000100000000)
  eden space 100352K, 0% used [0x00000000eab00000,0x00000000eab00000,0x00000000f0d00000)
  from space 10752K, 99% used [0x00000000f1980000,0x00000000f23fcab8,0x00000000f2400000)
  to   space 12800K, 0% used [0x00000000f0d00000,0x00000000f0d00000,0x00000000f1980000)
 ParOldGen       total 40960K, used 11649K [0x00000000c0000000, 0x00000000c2800000, 0x00000000eab00000)
  object space 40960K, 28% used [0x00000000c0000000,0x00000000c0b60440,0x00000000c2800000)
 Metaspace       used 34680K, capacity 35230K, committed 35456K, reserved 1079296K
  class space    used 4799K, capacity 4925K, committed 4992K, reserved 1048576K
Event: 12.529 GC heap after
Heap after GC invocations=12 (full 2):
 PSYoungGen      total 111104K, used 0K [0x00000000eab00000, 0x00000000f2900000, 0x0000000100000000)
  eden space 100352K, 0% used [0x00000000eab00000,0x00000000eab00000,0x00000000f0d00000)
  from space 10752K, 0% used [0x00000000f1980000,0x00000000f1980000,0x00000000f2400000)
  to   space 12800K, 0% used [0x00000000f0d00000,0x00000000f0d00000,0x00000000f1980000)
 ParOldGen       total 67584K, used 19104K [0x00000000c0000000, 0x00000000c4200000, 0x00000000eab00000)
  object space 67584K, 28% used [0x00000000c0000000,0x00000000c12a81d8,0x00000000c4200000)
 Metaspace       used 34680K, capacity 35230K, committed 35456K, reserved 1079296K
  class space    used 4799K, capacity 4925K, committed 4992K, reserved 1048576K
}
Event: 16.260 GC heap before
{Heap before GC invocations=13 (full 2):
 PSYoungGen      total 111104K, used 100352K [0x00000000eab00000, 0x00000000f2900000, 0x0000000100000000)
  eden space 100352K, 100% used [0x00000000eab00000,0x00000000f0d00000,0x00000000f0d00000)
  from space 10752K, 0% used [0x00000000f1980000,0x00000000f1980000,0x00000000f2400000)
  to   space 12800K, 0% used [0x00000000f0d00000,0x00000000f0d00000,0x00000000f1980000)
 ParOldGen       total 67584K, used 19104K [0x00000000c0000000, 0x00000000c4200000, 0x00000000eab00000)
  object space 67584K, 28% used [0x00000000c0000000,0x00000000c12a81d8,0x00000000c4200000)
 Metaspace       used 42537K, capacity 43230K, committed 43520K, reserved 1087488K
  class space    used 5925K, capacity 6107K, committed 6144K, reserved 1048576K
Event: 16.284 GC heap after
Heap after GC invocations=13 (full 2):
 PSYoungGen      total 113152K, used 11198K [0x00000000eab00000, 0x00000000f3c00000, 0x0000000100000000)
  eden space 100352K, 0% used [0x00000000eab00000,0x00000000eab00000,0x00000000f0d00000)
  from space 12800K, 87% used [0x00000000f0d00000,0x00000000f17efbf0,0x00000000f1980000)
  to   space 13824K, 0% used [0x00000000f2e80000,0x00000000f2e80000,0x00000000f3c00000)
 ParOldGen       total 67584K, used 19176K [0x00000000c0000000, 0x00000000c4200000, 0x00000000eab00000)
  object space 67584K, 28% used [0x00000000c0000000,0x00000000c12ba1e8,0x00000000c4200000)
 Metaspace       used 42537K, capacity 43230K, committed 43520K, reserved 1087488K
  class space    used 5925K, capacity 6107K, committed 6144K, reserved 1048576K
}
Event: 21.450 GC heap before
{Heap before GC invocations=14 (full 2):
 PSYoungGen      total 113152K, used 111550K [0x00000000eab00000, 0x00000000f3c00000, 0x0000000100000000)
  eden space 100352K, 100% used [0x00000000eab00000,0x00000000f0d00000,0x00000000f0d00000)
  from space 12800K, 87% used [0x00000000f0d00000,0x00000000f17efbf0,0x00000000f1980000)
  to   space 13824K, 0% used [0x00000000f2e80000,0x00000000f2e80000,0x00000000f3c00000)
 ParOldGen       total 67584K, used 19176K [0x00000000c0000000, 0x00000000c4200000, 0x00000000eab00000)
  object space 67584K, 28% used [0x00000000c0000000,0x00000000c12ba1e8,0x00000000c4200000)
 Metaspace       used 47099K, capacity 47986K, committed 48256K, reserved 1091584K
  class space    used 6520K, capacity 6780K, committed 6784K, reserved 1048576K
Event: 21.485 GC heap after
Heap after GC invocations=14 (full 2):
 PSYoungGen      total 130560K, used 13810K [0x00000000eab00000, 0x00000000f4300000, 0x0000000100000000)
  eden space 116736K, 0% used [0x00000000eab00000,0x00000000eab00000,0x00000000f1d00000)
  from space 13824K, 99% used [0x00000000f2e80000,0x00000000f3bfc940,0x00000000f3c00000)
  to   space 17920K, 0% used [0x00000000f1d00000,0x00000000f1d00000,0x00000000f2e80000)
 ParOldGen       total 67584K, used 24656K [0x00000000c0000000, 0x00000000c4200000, 0x00000000eab00000)
  object space 67584K, 36% used [0x00000000c0000000,0x00000000c18143f8,0x00000000c4200000)
 Metaspace       used 47099K, capacity 47986K, committed 48256K, reserved 1091584K
  class space    used 6520K, capacity 6780K, committed 6784K, reserved 1048576K
}

