# JRE version: Java(TM) SE Runtime Environment (8.0_144-b01) (build 1.8.0_144-b01)
# Java VM: Java HotSpot(TM) 64-Bit Server VM (25.144-b01 mixed mode windows-amd64 compressed oops)
Heap:
 PSYoungGen      total 82944K, used 34460K [0x00000000eab00000, 0x00000000f0680000, 0x0000000100000000)
  eden space 75264K, 35% used [0x00000000eab00000,0x00000000ec52e198,0x00000000ef480000)
  from space 7680K, 99% used [0x00000000ef480000,0x00000000efbf8e90,0x00000000efc00000)
  to   space 7168K, 0% used [0x00000000efc00000,0x00000000efc00000,0x00000000f0300000)
 ParOldGen       total 57344K, used 20303K [0x00000000c0000000, 0x00000000c3800000, 0x00000000eab00000)
  object space 57344K, 35% used [0x00000000c0000000,0x00000000c13d3cd8,0x00000000c3800000)
 Metaspace       used 42601K, capacity 43264K, committed 43520K, reserved 1087488K
  class space    used 5924K, capacity 6102K, committed 6144K, reserved 1048576K
GC Heap History (10 events):
Event: 31.479 GC heap before
{Heap before GC invocations=13 (full 1):
 PSYoungGen      total 50688K, used 46612K [0x00000000eab00000, 0x00000000ef400000, 0x0000000100000000)
  eden space 44032K, 100% used [0x00000000eab00000,0x00000000ed600000,0x00000000ed600000)
  from space 6656K, 38% used [0x00000000ed600000,0x00000000ed8852a0,0x00000000edc80000)
  to   space 7168K, 0% used [0x00000000eed00000,0x00000000eed00000,0x00000000ef400000)
 ParOldGen       total 32768K, used 9985K [0x00000000c0000000, 0x00000000c2000000, 0x00000000eab00000)
  object space 32768K, 30% used [0x00000000c0000000,0x00000000c09c05d8,0x00000000c2000000)
 Metaspace       used 28433K, capacity 28834K, committed 28928K, reserved 1075200K
  class space    used 3952K, capacity 4058K, committed 4096K, reserved 1048576K
Event: 31.491 GC heap after
Heap after GC invocations=13 (full 1):
 PSYoungGen      total 63488K, used 2102K [0x00000000eab00000, 0x00000000ef200000, 0x0000000100000000)
  eden space 58368K, 0% used [0x00000000eab00000,0x00000000eab00000,0x00000000ee400000)
  from space 5120K, 41% used [0x00000000eed00000,0x00000000eef0dad8,0x00000000ef200000)
  to   space 7168K, 0% used [0x00000000ee400000,0x00000000ee400000,0x00000000eeb00000)
 ParOldGen       total 32768K, used 10633K [0x00000000c0000000, 0x00000000c2000000, 0x00000000eab00000)
  object space 32768K, 32% used [0x00000000c0000000,0x00000000c0a62600,0x00000000c2000000)
 Metaspace       used 28433K, capacity 28834K, committed 28928K, reserved 1075200K
  class space    used 3952K, capacity 4058K, committed 4096K, reserved 1048576K
}
Event: 37.282 GC heap before
{Heap before GC invocations=14 (full 1):
 PSYoungGen      total 63488K, used 60470K [0x00000000eab00000, 0x00000000ef200000, 0x0000000100000000)
  eden space 58368K, 100% used [0x00000000eab00000,0x00000000ee400000,0x00000000ee400000)
  from space 5120K, 41% used [0x00000000eed00000,0x00000000eef0dad8,0x00000000ef200000)
  to   space 7168K, 0% used [0x00000000ee400000,0x00000000ee400000,0x00000000eeb00000)
 ParOldGen       total 32768K, used 10633K [0x00000000c0000000, 0x00000000c2000000, 0x00000000eab00000)
  object space 32768K, 32% used [0x00000000c0000000,0x00000000c0a62600,0x00000000c2000000)
 Metaspace       used 31965K, capacity 32592K, committed 32768K, reserved 1077248K
  class space    used 4415K, capacity 4589K, committed 4608K, reserved 1048576K
Event: 37.307 GC heap after
Heap after GC invocations=14 (full 1):
 PSYoungGen      total 65536K, used 4997K [0x00000000eab00000, 0x00000000f0300000, 0x0000000100000000)
  eden space 58368K, 0% used [0x00000000eab00000,0x00000000eab00000,0x00000000ee400000)
  from space 7168K, 69% used [0x00000000ee400000,0x00000000ee8e1738,0x00000000eeb00000)
  to   space 7168K, 0% used [0x00000000efc00000,0x00000000efc00000,0x00000000f0300000)
 ParOldGen       total 32768K, used 11813K [0x00000000c0000000, 0x00000000c2000000, 0x00000000eab00000)
  object space 32768K, 36% used [0x00000000c0000000,0x00000000c0b89610,0x00000000c2000000)
 Metaspace       used 31965K, capacity 32592K, committed 32768K, reserved 1077248K
  class space    used 4415K, capacity 4589K, committed 4608K, reserved 1048576K
}
Event: 42.068 GC heap before
{Heap before GC invocations=15 (full 1):
 PSYoungGen      total 65536K, used 53662K [0x00000000eab00000, 0x00000000f0300000, 0x0000000100000000)
  eden space 58368K, 83% used [0x00000000eab00000,0x00000000eda86108,0x00000000ee400000)
  from space 7168K, 69% used [0x00000000ee400000,0x00000000ee8e1738,0x00000000eeb00000)
  to   space 7168K, 0% used [0x00000000efc00000,0x00000000efc00000,0x00000000f0300000)
 ParOldGen       total 32768K, used 11813K [0x00000000c0000000, 0x00000000c2000000, 0x00000000eab00000)
  object space 32768K, 36% used [0x00000000c0000000,0x00000000c0b89610,0x00000000c2000000)
 Metaspace       used 34776K, capacity 35360K, committed 35456K, reserved 1079296K
  class space    used 4805K, capacity 4952K, committed 4992K, reserved 1048576K
Event: 42.189 GC heap after
Heap after GC invocations=15 (full 1):
 PSYoungGen      total 82432K, used 6967K [0x00000000eab00000, 0x00000000f0680000, 0x0000000100000000)
  eden space 75264K, 0% used [0x00000000eab00000,0x00000000eab00000,0x00000000ef480000)
  from space 7168K, 97% used [0x00000000efc00000,0x00000000f02cdf18,0x00000000f0300000)
  to   space 7680K, 0% used [0x00000000ef480000,0x00000000ef480000,0x00000000efc00000)
 ParOldGen       total 32768K, used 14067K [0x00000000c0000000, 0x00000000c2000000, 0x00000000eab00000)
  object space 32768K, 42% used [0x00000000c0000000,0x00000000c0dbce30,0x00000000c2000000)
 Metaspace       used 34776K, capacity 35360K, committed 35456K, reserved 1079296K
  class space    used 4805K, capacity 4952K, committed 4992K, reserved 1048576K
}
Event: 42.189 GC heap before
{Heap before GC invocations=16 (full 2):
 PSYoungGen      total 82432K, used 6967K [0x00000000eab00000, 0x00000000f0680000, 0x0000000100000000)
  eden space 75264K, 0% used [0x00000000eab00000,0x00000000eab00000,0x00000000ef480000)
  from space 7168K, 97% used [0x00000000efc00000,0x00000000f02cdf18,0x00000000f0300000)
  to   space 7680K, 0% used [0x00000000ef480000,0x00000000ef480000,0x00000000efc00000)
 ParOldGen       total 32768K, used 14067K [0x00000000c0000000, 0x00000000c2000000, 0x00000000eab00000)
  object space 32768K, 42% used [0x00000000c0000000,0x00000000c0dbce30,0x00000000c2000000)
 Metaspace       used 34776K, capacity 35360K, committed 35456K, reserved 1079296K
  class space    used 4805K, capacity 4952K, committed 4992K, reserved 1048576K
Event: 42.819 GC heap after
Heap after GC invocations=16 (full 2):
 PSYoungGen      total 82432K, used 0K [0x00000000eab00000, 0x00000000f0680000, 0x0000000100000000)
  eden space 75264K, 0% used [0x00000000eab00000,0x00000000eab00000,0x00000000ef480000)
  from space 7168K, 0% used [0x00000000efc00000,0x00000000efc00000,0x00000000f0300000)
  to   space 7680K, 0% used [0x00000000ef480000,0x00000000ef480000,0x00000000efc00000)
 ParOldGen       total 57344K, used 19728K [0x00000000c0000000, 0x00000000c3800000, 0x00000000eab00000)
  object space 57344K, 34% used [0x00000000c0000000,0x00000000c13442d8,0x00000000c3800000)
 Metaspace       used 34776K, capacity 35360K, committed 35456K, reserved 1079296K
  class space    used 4805K, capacity 4952K, committed 4992K, reserved 1048576K
}
Event: 52.048 GC heap before
{Heap before GC invocations=17 (full 2):
 PSYoungGen      total 82432K, used 75264K [0x00000000eab00000, 0x00000000f0680000, 0x0000000100000000)
  eden space 75264K, 100% used [0x00000000eab00000,0x00000000ef480000,0x00000000ef480000)
  from space 7168K, 0% used [0x00000000efc00000,0x00000000efc00000,0x00000000f0300000)
  to   space 7680K, 0% used [0x00000000ef480000,0x00000000ef480000,0x00000000efc00000)
 ParOldGen       total 57344K, used 19728K [0x00000000c0000000, 0x00000000c3800000, 0x00000000eab00000)
  object space 57344K, 34% used [0x00000000c0000000,0x00000000c13442d8,0x00000000c3800000)
 Metaspace       used 41580K, capacity 42244K, committed 42368K, reserved 1085440K
  class space    used 5739K, capacity 5934K, committed 6016K, reserved 1048576K
Event: 52.127 GC heap after
Heap after GC invocations=17 (full 2):
 PSYoungGen      total 82944K, used 7651K [0x00000000eab00000, 0x00000000f0680000, 0x0000000100000000)
  eden space 75264K, 0% used [0x00000000eab00000,0x00000000eab00000,0x00000000ef480000)
  from space 7680K, 99% used [0x00000000ef480000,0x00000000efbf8e90,0x00000000efc00000)
  to   space 7168K, 0% used [0x00000000efc00000,0x00000000efc00000,0x00000000f0300000)
 ParOldGen       total 57344K, used 20303K [0x00000000c0000000, 0x00000000c3800000, 0x00000000eab00000)
  object space 57344K, 35% used [0x00000000c0000000,0x00000000c13d3cd8,0x00000000c3800000)
 Metaspace       used 41580K, capacity 42244K, committed 42368K, reserved 1085440K
  class space    used 5739K, capacity 5934K, committed 6016K, reserved 1048576K
}

