# JRE version: Java(TM) SE Runtime Environment (8.0_144-b01) (build 1.8.0_144-b01)
# Java VM: Java HotSpot(TM) 64-Bit Server VM (25.144-b01 mixed mode windows-amd64 compressed oops)
Heap:
 PSYoungGen      total 150016K, used 96059K [0x00000000eab00000, 0x00000000f5280000, 0x0000000100000000)
  eden space 135680K, 60% used [0x00000000eab00000,0x00000000efad4058,0x00000000f2f80000)
  from space 14336K, 99% used [0x00000000f4100000,0x00000000f4efae40,0x00000000f4f00000)
  to   space 17920K, 0% used [0x00000000f2f80000,0x00000000f2f80000,0x00000000f4100000)
 ParOldGen       total 63488K, used 22936K [0x00000000c0000000, 0x00000000c3e00000, 0x00000000eab00000)
  object space 63488K, 36% used [0x00000000c0000000,0x00000000c1666340,0x00000000c3e00000)
 Metaspace       used 48806K, capacity 49818K, committed 50048K, reserved 1091584K
  class space    used 6707K, capacity 7039K, committed 7040K, reserved 1048576K
GC Heap History (10 events):
Event: 7.948 GC heap before
{Heap before GC invocations=10 (full 1):
 PSYoungGen      total 98816K, used 96137K [0x00000000eab00000, 0x00000000f1600000, 0x0000000100000000)
  eden space 91136K, 100% used [0x00000000eab00000,0x00000000f0400000,0x00000000f0400000)
  from space 7680K, 65% used [0x00000000f0e80000,0x00000000f1362688,0x00000000f1600000)
  to   space 9216K, 0% used [0x00000000f0400000,0x00000000f0400000,0x00000000f0d00000)
 ParOldGen       total 39936K, used 8492K [0x00000000c0000000, 0x00000000c2700000, 0x00000000eab00000)
  object space 39936K, 21% used [0x00000000c0000000,0x00000000c084b250,0x00000000c2700000)
 Metaspace       used 33435K, capacity 34028K, committed 34304K, reserved 1079296K
  class space    used 4593K, capacity 4759K, committed 4864K, reserved 1048576K
Event: 7.970 GC heap after
Heap after GC invocations=10 (full 1):
 PSYoungGen      total 100352K, used 9208K [0x00000000eab00000, 0x00000000f2e00000, 0x0000000100000000)
  eden space 91136K, 0% used [0x00000000eab00000,0x00000000eab00000,0x00000000f0400000)
  from space 9216K, 99% used [0x00000000f0400000,0x00000000f0cfe228,0x00000000f0d00000)
  to   space 11264K, 0% used [0x00000000f2300000,0x00000000f2300000,0x00000000f2e00000)
 ParOldGen       total 39936K, used 10648K [0x00000000c0000000, 0x00000000c2700000, 0x00000000eab00000)
  object space 39936K, 26% used [0x00000000c0000000,0x00000000c0a661d8,0x00000000c2700000)
 Metaspace       used 33435K, capacity 34028K, committed 34304K, reserved 1079296K
  class space    used 4593K, capacity 4759K, committed 4864K, reserved 1048576K
}
Event: 8.435 GC heap before
{Heap before GC invocations=11 (full 1):
 PSYoungGen      total 100352K, used 47794K [0x00000000eab00000, 0x00000000f2e00000, 0x0000000100000000)
  eden space 91136K, 42% used [0x00000000eab00000,0x00000000ed0ae678,0x00000000f0400000)
  from space 9216K, 99% used [0x00000000f0400000,0x00000000f0cfe228,0x00000000f0d00000)
  to   space 11264K, 0% used [0x00000000f2300000,0x00000000f2300000,0x00000000f2e00000)
 ParOldGen       total 39936K, used 10648K [0x00000000c0000000, 0x00000000c2700000, 0x00000000eab00000)
  object space 39936K, 26% used [0x00000000c0000000,0x00000000c0a661d8,0x00000000c2700000)
 Metaspace       used 34770K, capacity 35332K, committed 35456K, reserved 1079296K
  class space    used 4804K, capacity 4958K, committed 4992K, reserved 1048576K
Event: 8.459 GC heap after
Heap after GC invocations=11 (full 1):
 PSYoungGen      total 121344K, used 11239K [0x00000000eab00000, 0x00000000f3780000, 0x0000000100000000)
  eden space 110080K, 0% used [0x00000000eab00000,0x00000000eab00000,0x00000000f1680000)
  from space 11264K, 99% used [0x00000000f2300000,0x00000000f2df9c28,0x00000000f2e00000)
  to   space 12800K, 0% used [0x00000000f1680000,0x00000000f1680000,0x00000000f2300000)
 ParOldGen       total 39936K, used 11569K [0x00000000c0000000, 0x00000000c2700000, 0x00000000eab00000)
  object space 39936K, 28% used [0x00000000c0000000,0x00000000c0b4c538,0x00000000c2700000)
 Metaspace       used 34770K, capacity 35332K, committed 35456K, reserved 1079296K
  class space    used 4804K, capacity 4958K, committed 4992K, reserved 1048576K
}
Event: 8.459 GC heap before
{Heap before GC invocations=12 (full 2):
 PSYoungGen      total 121344K, used 11239K [0x00000000eab00000, 0x00000000f3780000, 0x0000000100000000)
  eden space 110080K, 0% used [0x00000000eab00000,0x00000000eab00000,0x00000000f1680000)
  from space 11264K, 99% used [0x00000000f2300000,0x00000000f2df9c28,0x00000000f2e00000)
  to   space 12800K, 0% used [0x00000000f1680000,0x00000000f1680000,0x00000000f2300000)
 ParOldGen       total 39936K, used 11569K [0x00000000c0000000, 0x00000000c2700000, 0x00000000eab00000)
  object space 39936K, 28% used [0x00000000c0000000,0x00000000c0b4c538,0x00000000c2700000)
 Metaspace       used 34770K, capacity 35332K, committed 35456K, reserved 1079296K
  class space    used 4804K, capacity 4958K, committed 4992K, reserved 1048576K
Event: 8.595 GC heap after
Heap after GC invocations=12 (full 2):
 PSYoungGen      total 121344K, used 0K [0x00000000eab00000, 0x00000000f3780000, 0x0000000100000000)
  eden space 110080K, 0% used [0x00000000eab00000,0x00000000eab00000,0x00000000f1680000)
  from space 11264K, 0% used [0x00000000f2300000,0x00000000f2300000,0x00000000f2e00000)
  to   space 12800K, 0% used [0x00000000f1680000,0x00000000f1680000,0x00000000f2300000)
 ParOldGen       total 63488K, used 19019K [0x00000000c0000000, 0x00000000c3e00000, 0x00000000eab00000)
  object space 63488K, 29% used [0x00000000c0000000,0x00000000c1292c70,0x00000000c3e00000)
 Metaspace       used 34770K, capacity 35332K, committed 35456K, reserved 1079296K
  class space    used 4804K, capacity 4958K, committed 4992K, reserved 1048576K
}
Event: 10.966 GC heap before
{Heap before GC invocations=13 (full 2):
 PSYoungGen      total 121344K, used 110080K [0x00000000eab00000, 0x00000000f3780000, 0x0000000100000000)
  eden space 110080K, 100% used [0x00000000eab00000,0x00000000f1680000,0x00000000f1680000)
  from space 11264K, 0% used [0x00000000f2300000,0x00000000f2300000,0x00000000f2e00000)
  to   space 12800K, 0% used [0x00000000f1680000,0x00000000f1680000,0x00000000f2300000)
 ParOldGen       total 63488K, used 19019K [0x00000000c0000000, 0x00000000c3e00000, 0x00000000eab00000)
  object space 63488K, 29% used [0x00000000c0000000,0x00000000c1292c70,0x00000000c3e00000)
 Metaspace       used 42811K, capacity 43548K, committed 43904K, reserved 1087488K
  class space    used 5962K, capacity 6189K, committed 6272K, reserved 1048576K
Event: 10.991 GC heap after
Heap after GC invocations=13 (full 2):
 PSYoungGen      total 122880K, used 12120K [0x00000000eab00000, 0x00000000f4f00000, 0x0000000100000000)
  eden space 110080K, 0% used [0x00000000eab00000,0x00000000eab00000,0x00000000f1680000)
  from space 12800K, 94% used [0x00000000f1680000,0x00000000f2256300,0x00000000f2300000)
  to   space 14336K, 0% used [0x00000000f4100000,0x00000000f4100000,0x00000000f4f00000)
 ParOldGen       total 63488K, used 19091K [0x00000000c0000000, 0x00000000c3e00000, 0x00000000eab00000)
  object space 63488K, 30% used [0x00000000c0000000,0x00000000c12a4c80,0x00000000c3e00000)
 Metaspace       used 42811K, capacity 43548K, committed 43904K, reserved 1087488K
  class space    used 5962K, capacity 6189K, committed 6272K, reserved 1048576K
}
Event: 25.300 GC heap before
{Heap before GC invocations=14 (full 2):
 PSYoungGen      total 122880K, used 122200K [0x00000000eab00000, 0x00000000f4f00000, 0x0000000100000000)
  eden space 110080K, 100% used [0x00000000eab00000,0x00000000f1680000,0x00000000f1680000)
  from space 12800K, 94% used [0x00000000f1680000,0x00000000f2256300,0x00000000f2300000)
  to   space 14336K, 0% used [0x00000000f4100000,0x00000000f4100000,0x00000000f4f00000)
 ParOldGen       total 63488K, used 19091K [0x00000000c0000000, 0x00000000c3e00000, 0x00000000eab00000)
  object space 63488K, 30% used [0x00000000c0000000,0x00000000c12a4c80,0x00000000c3e00000)
 Metaspace       used 47846K, capacity 48788K, committed 48896K, reserved 1091584K
  class space    used 6628K, capacity 6910K, committed 6912K, reserved 1048576K
Event: 25.335 GC heap after
Heap after GC invocations=14 (full 2):
 PSYoungGen      total 150016K, used 14315K [0x00000000eab00000, 0x00000000f5280000, 0x0000000100000000)
  eden space 135680K, 0% used [0x00000000eab00000,0x00000000eab00000,0x00000000f2f80000)
  from space 14336K, 99% used [0x00000000f4100000,0x00000000f4efae40,0x00000000f4f00000)
  to   space 17920K, 0% used [0x00000000f2f80000,0x00000000f2f80000,0x00000000f4100000)
 ParOldGen       total 63488K, used 22936K [0x00000000c0000000, 0x00000000c3e00000, 0x00000000eab00000)
  object space 63488K, 36% used [0x00000000c0000000,0x00000000c1666340,0x00000000c3e00000)
 Metaspace       used 47846K, capacity 48788K, committed 48896K, reserved 1091584K
  class space    used 6628K, capacity 6910K, committed 6912K, reserved 1048576K
}

